-------------------------------------------------------------------------------
Test set: TestSuite
-------------------------------------------------------------------------------
Tests run: 9, Failures: 9, Errors: 0, Skipped: 0, Time elapsed: 219.727 s <<< FAILURE! - in TestSuite
successfullLoginTest(test.LoginTest3)  Time elapsed: 0.024 s  <<< FAILURE!
java.lang.AssertionError: Login page is not loaded. expected [true] but found [false]
	at test.LoginTest3.successfullLoginTest(LoginTest3.java:63)

successfullLoginTest(test.LoginTest3)  Time elapsed: 0 s  <<< FAILURE!
java.lang.AssertionError: Login page is not loaded. expected [true] but found [false]
	at test.LoginTest3.successfullLoginTest(LoginTest3.java:63)

validationMessagesInvalidEmailPasswordTest(test.LoginTest3)  Time elapsed: 0 s  <<< FAILURE!
java.lang.AssertionError: Login page is not loaded. expected [true] but found [false]
	at test.LoginTest3.validationMessagesInvalidEmailPasswordTest(LoginTest3.java:72)

validationMessagesInvalidEmailPasswordTest(test.LoginTest3)  Time elapsed: 0.001 s  <<< FAILURE!
java.lang.AssertionError: Login page is not loaded. expected [true] but found [false]
	at test.LoginTest3.validationMessagesInvalidEmailPasswordTest(LoginTest3.java:72)

validationMessagesInvalidEmailPasswordTest(test.LoginTest3)  Time elapsed: 0 s  <<< FAILURE!
java.lang.AssertionError: Login page is not loaded. expected [true] but found [false]
	at test.LoginTest3.validationMessagesInvalidEmailPasswordTest(LoginTest3.java:72)

validationMessagesInvalidEmailPasswordTest(test.LoginTest3)  Time elapsed: 0.001 s  <<< FAILURE!
java.lang.AssertionError: Login page is not loaded. expected [true] but found [false]
	at test.LoginTest3.validationMessagesInvalidEmailPasswordTest(LoginTest3.java:72)

validationMessagesInvalidEmailPasswordTest(test.LoginTest3)  Time elapsed: 0 s  <<< FAILURE!
java.lang.AssertionError: Login page is not loaded. expected [true] but found [false]
	at test.LoginTest3.validationMessagesInvalidEmailPasswordTest(LoginTest3.java:72)

validationMessagesInvalidEmailPasswordTest(test.LoginTest3)  Time elapsed: 0 s  <<< FAILURE!
java.lang.AssertionError: Login page is not loaded. expected [true] but found [false]
	at test.LoginTest3.validationMessagesInvalidEmailPasswordTest(LoginTest3.java:72)

validationMessagesInvalidEmailPasswordTest(test.LoginTest3)  Time elapsed: 0 s  <<< FAILURE!
java.lang.AssertionError: Login page is not loaded. expected [true] but found [false]
	at test.LoginTest3.validationMessagesInvalidEmailPasswordTest(LoginTest3.java:72)

