<?xml version="1.0" encoding="UTF-8"?>
<testsuite xmlns:xsi="http://www.w3.org/2001/XMLSchema-instance" xsi:noNamespaceSchemaLocation="https://maven.apache.org/surefire/maven-surefire-plugin/xsd/surefire-test-report.xsd" name="TestSuite" time="219.727" tests="9" errors="0" skipped="0" failures="9">
  <properties>
[...]
</properties>
  <testcase name="successfullLoginTest" classname="test.LoginTest3" time="0.024">
    <failure message="Login page is not loaded. expected [true] but found [false]" type="java.lang.AssertionError">java.lang.AssertionError: Login page is not loaded. expected [true] but found [false]
	at test.LoginTest3.successfullLoginTest(LoginTest3.java:63)
</failure>
    <system-err><![CDATA[1542051546744	mozrunner::runner	INFO	Running command: "C:\\Program Files\\Mozilla Firefox\\firefox.exe" "-marionette" "-foreground" "-no-remote" "-profile" "C:\\Users\\gdd00\\AppData\\Local\\Temp\\rust_mozprofile.4eNXYLYbiaAh"
1542051563524	Marionette	INFO	Listening on port 54203
[Child 8328, Chrome_ChildThread] WARNING: pipe error: 109: file z:/build/build/src/ipc/chromium/src/chrome/common/ipc_channel_win.cc, line 346
[Child 8328, Chrome_ChildThread] WARNING: pipe error: 109: file z:/build/build/src/ipc/chromium/src/chrome/common/ipc_channel_win.cc, line 346
1542051563668	Marionette	WARN	TLS certificate errors will be ignored for this session
1542051563798	Marionette	DEBUG	[6442450945] Frame script loaded
1542051563862	Marionette	DEBUG	[6442450945] Frame script registered
нояб. 12, 2018 9:39:23 ПП org.openqa.selenium.remote.ProtocolHandshake createSession
INFO: Detected dialect: W3C
1542051564303	Marionette	DEBUG	[6442450945] Received DOM event beforeunload for about:blank
1542051565484	Marionette	DEBUG	[6442450945] Received DOM event pagehide for about:blank
1542051566803	Marionette	DEBUG	[6442450945] Received DOM event DOMContentLoaded for https://www.linkedin.com/
1542051567231	Marionette	DEBUG	[6442450945] Received DOM event pageshow for https://www.linkedin.com/
]]></system-err>
  </testcase>
  <testcase name="successfullLoginTest" classname="test.LoginTest3" time="0">
    <failure message="Login page is not loaded. expected [true] but found [false]" type="java.lang.AssertionError">java.lang.AssertionError: Login page is not loaded. expected [true] but found [false]
	at test.LoginTest3.successfullLoginTest(LoginTest3.java:63)
</failure>
    <system-err><![CDATA[1542051567406	Marionette	INFO	Stopped listening on port 54203
[Child 6464, Chrome_ChildThread] WARNING: pipe error: 109: file z:/build/build/src/ipc/chromium/src/chrome/common/ipc_channel_win.cc, line 346
[Parent 7572, Gecko_IOThread] WARNING: pipe error: 109: file z:/build/build/src/ipc/chromium/src/chrome/common/ipc_channel_win.cc, line 346
[Child 14724, Chrome_ChildThread] WARNING: pipe error: 109: file z:/build/build/src/ipc/chromium/src/chrome/common/ipc_channel_win.cc, line 346

###!!! [Child][RunMessage] Error: Channel error: cannot send/recv


###!!! [Child][RunMessage] Error: Channel error: cannot send/recv


###!!! [Child][RunMessage] Error: Channel error: cannot send/recv

[GPU 2728, Chrome_ChildThread] WARNING: pipe error: 109: file z:/build/build/src/ipc/chromium/src/chrome/common/ipc_channel_win.cc, line 346

###!!! [Child][MessageChannel::SendAndWait] Error: Channel error: cannot send/recv

1542051574825	mozrunner::runner	INFO	Running command: "C:\\Program Files\\Mozilla Firefox\\firefox.exe" "-marionette" "-foreground" "-no-remote" "-profile" "C:\\Users\\gdd00\\AppData\\Local\\Temp\\rust_mozprofile.Arw3bix5D41f"
1542051584739	Marionette	INFO	Listening on port 54266
1542051585153	Marionette	WARN	TLS certificate errors will be ignored for this session
1542051585247	Marionette	DEBUG	[6442450945] Frame script loaded
1542051585291	Marionette	DEBUG	[6442450945] Frame script registered
нояб. 12, 2018 9:39:45 ПП org.openqa.selenium.remote.ProtocolHandshake createSession
INFO: Detected dialect: W3C
1542051585350	Marionette	DEBUG	[6442450945] Received DOM event beforeunload for about:blank
1542051586037	Marionette	DEBUG	[6442450945] Received DOM event pagehide for about:blank
1542051587468	Marionette	DEBUG	[6442450945] Received DOM event DOMContentLoaded for https://www.linkedin.com/
1542051587985	Marionette	DEBUG	[6442450945] Received DOM event pageshow for https://www.linkedin.com/
]]></system-err>
  </testcase>
  <testcase name="validationMessagesInvalidEmailPasswordTest" classname="test.LoginTest3" time="0">
    <failure message="Login page is not loaded. expected [true] but found [false]" type="java.lang.AssertionError">java.lang.AssertionError: Login page is not loaded. expected [true] but found [false]
	at test.LoginTest3.validationMessagesInvalidEmailPasswordTest(LoginTest3.java:72)
</failure>
    <system-err><![CDATA[1542051588067	Marionette	INFO	Stopped listening on port 54266
[Child 216, Chrome_ChildThread] WARNING: pipe error: 109: file z:/build/build/src/ipc/chromium/src/chrome/common/ipc_channel_win.cc, line 346

###!!! [Child][MessageChannel::SendAndWait] Error: Channel error: cannot send/recv

1542051594748	mozrunner::runner	INFO	Running command: "C:\\Program Files\\Mozilla Firefox\\firefox.exe" "-marionette" "-foreground" "-no-remote" "-profile" "C:\\Users\\gdd00\\AppData\\Local\\Temp\\rust_mozprofile.mEQfiEyG16oI"
1542051604395	Marionette	INFO	Listening on port 54313
1542051604851	Marionette	WARN	TLS certificate errors will be ignored for this session
1542051605025	Marionette	DEBUG	[4294967297] Frame script loaded
1542051605045	Marionette	DEBUG	[4294967297] Frame script registered
нояб. 12, 2018 9:40:05 ПП org.openqa.selenium.remote.ProtocolHandshake createSession
INFO: Detected dialect: W3C
1542051605153	Marionette	DEBUG	[4294967297] Received DOM event beforeunload for about:blank
1542051605938	Marionette	DEBUG	[4294967297] Received DOM event pagehide for about:blank
1542051646578	Marionette	DEBUG	[4294967297] Received DOM event DOMContentLoaded for https://www.linkedin.com/
1542051661522	Marionette	DEBUG	[4294967297] Received DOM event pageshow for https://www.linkedin.com/
]]></system-err>
  </testcase>
  <testcase name="validationMessagesInvalidEmailPasswordTest" classname="test.LoginTest3" time="0.001">
    <failure message="Login page is not loaded. expected [true] but found [false]" type="java.lang.AssertionError">java.lang.AssertionError: Login page is not loaded. expected [true] but found [false]
	at test.LoginTest3.validationMessagesInvalidEmailPasswordTest(LoginTest3.java:72)
</failure>
    <system-err><![CDATA[1542051661568	Marionette	INFO	Stopped listening on port 54313
[Child 8348, Chrome_ChildThread] WARNING: pipe error: 109: file z:/build/build/src/ipc/chromium/src/chrome/common/ipc_channel_win.cc, line 346
[Child 8348, Chrome_ChildThread] WARNING: pipe error: 109: file z:/build/build/src/ipc/chromium/src/chrome/common/ipc_channel_win.cc, line 346

###!!! [Child][RunMessage] Error: Channel closing: too late to send/recv, messages will be lost


###!!! [Child][RunMessage] Error: Channel closing: too late to send/recv, messages will be lost


###!!! [Child][RunMessage] Error: Channel closing: too late to send/recv, messages will be lost

[Parent 8228, Gecko_IOThread] WARNING: pipe error: 109: file z:/build/build/src/ipc/chromium/src/chrome/common/ipc_channel_win.cc, line 346
[Child 11076, Chrome_ChildThread] WARNING: pipe error: 109: file z:/build/build/src/ipc/chromium/src/chrome/common/ipc_channel_win.cc, line 346
[Child 11076, Chrome_ChildThread] WARNING: pipe error: 109: file z:/build/build/src/ipc/chromium/src/chrome/common/ipc_channel_win.cc, line 346

###!!! [Child][MessageChannel::SendAndWait] Error: Channel error: cannot send/recv

1542051664865	mozrunner::runner	INFO	Running command: "C:\\Program Files\\Mozilla Firefox\\firefox.exe" "-marionette" "-foreground" "-no-remote" "-profile" "C:\\Users\\gdd00\\AppData\\Local\\Temp\\rust_mozprofile.Pg2fRnHzVGAr"
1542051671117	Marionette	INFO	Listening on port 54438
1542051671527	Marionette	WARN	TLS certificate errors will be ignored for this session
1542051671619	Marionette	DEBUG	[6442450945] Frame script loaded
1542051671628	Marionette	DEBUG	[6442450945] Frame script registered
нояб. 12, 2018 9:41:11 ПП org.openqa.selenium.remote.ProtocolHandshake createSession
INFO: Detected dialect: W3C
1542051671694	Marionette	DEBUG	[6442450945] Received DOM event beforeunload for about:blank
1542051685028	Marionette	DEBUG	[6442450945] Received DOM event pagehide for about:blank
1542051687086	Marionette	DEBUG	[6442450945] Received DOM event DOMContentLoaded for https://www.linkedin.com/
1542051687341	Marionette	DEBUG	[6442450945] Received DOM event pageshow for https://www.linkedin.com/
]]></system-err>
  </testcase>
  <testcase name="validationMessagesInvalidEmailPasswordTest" classname="test.LoginTest3" time="0">
    <failure message="Login page is not loaded. expected [true] but found [false]" type="java.lang.AssertionError">java.lang.AssertionError: Login page is not loaded. expected [true] but found [false]
	at test.LoginTest3.validationMessagesInvalidEmailPasswordTest(LoginTest3.java:72)
</failure>
    <system-err><![CDATA[1542051687375	Marionette	INFO	Stopped listening on port 54438
[Parent 3076, Gecko_IOThread] WARNING: pipe error: 109: file z:/build/build/src/ipc/chromium/src/chrome/common/ipc_channel_win.cc, line 346

###!!! [Child][RunMessage] Error: Channel error: cannot send/recv


###!!! [Child][MessageChannel::SendAndWait] Error: Channel error: cannot send/recv

1542051690012	mozrunner::runner	INFO	Running command: "C:\\Program Files\\Mozilla Firefox\\firefox.exe" "-marionette" "-foreground" "-no-remote" "-profile" "C:\\Users\\gdd00\\AppData\\Local\\Temp\\rust_mozprofile.V2IQsDr9cQja"
1542051695765	Marionette	INFO	Listening on port 54482
1542051696333	Marionette	WARN	TLS certificate errors will be ignored for this session
1542051696491	Marionette	DEBUG	[4294967297] Frame script loaded
1542051696595	Marionette	DEBUG	[4294967297] Frame script registered
нояб. 12, 2018 9:41:36 ПП org.openqa.selenium.remote.ProtocolHandshake createSession
INFO: Detected dialect: W3C
1542051696636	Marionette	DEBUG	[4294967297] Received DOM event beforeunload for about:blank
1542051697514	Marionette	DEBUG	[4294967297] Received DOM event pagehide for about:blank
1542051698677	Marionette	DEBUG	[4294967297] Received DOM event DOMContentLoaded for https://www.linkedin.com/
1542051699183	Marionette	DEBUG	[4294967297] Received DOM event pageshow for https://www.linkedin.com/
]]></system-err>
  </testcase>
  <testcase name="validationMessagesInvalidEmailPasswordTest" classname="test.LoginTest3" time="0.001">
    <failure message="Login page is not loaded. expected [true] but found [false]" type="java.lang.AssertionError">java.lang.AssertionError: Login page is not loaded. expected [true] but found [false]
	at test.LoginTest3.validationMessagesInvalidEmailPasswordTest(LoginTest3.java:72)
</failure>
    <system-err><![CDATA[1542051699229	Marionette	INFO	Stopped listening on port 54482

###!!! [Child][RunMessage] Error: Channel closing: too late to send/recv, messages will be lost


###!!! [Child][RunMessage] Error: Channel closing: too late to send/recv, messages will be lost


###!!! [Child][RunMessage] Error: Channel closing: too late to send/recv, messages will be lost


###!!! [Child][RunMessage] Error: Channel closing: too late to send/recv, messages will be lost


###!!! [Child][RunMessage] Error: Channel closing: too late to send/recv, messages will be lost


###!!! [Child][RunMessage] Error: Channel closing: too late to send/recv, messages will be lost


###!!! [Child][RunMessage] Error: Channel closing: too late to send/recv, messages will be lost


###!!! [Child][RunMessage] Error: Channel closing: too late to send/recv, messages will be lost

[GPU 3912, Chrome_ChildThread] WARNING: pipe error: 109: file z:/build/build/src/ipc/chromium/src/chrome/common/ipc_channel_win.cc, line 346

###!!! [Child][MessageChannel::SendAndWait] Error: Channel error: cannot send/recv

1542051702112	mozrunner::runner	INFO	Running command: "C:\\Program Files\\Mozilla Firefox\\firefox.exe" "-marionette" "-foreground" "-no-remote" "-profile" "C:\\Users\\gdd00\\AppData\\Local\\Temp\\rust_mozprofile.lhb7BPwOGV23"
1542051709838	Marionette	INFO	Listening on port 54525
1542051709934	Marionette	WARN	TLS certificate errors will be ignored for this session
1542051710018	Marionette	DEBUG	[6442450945] Frame script loaded
1542051710022	Marionette	DEBUG	[6442450945] Frame script registered
нояб. 12, 2018 9:41:50 ПП org.openqa.selenium.remote.ProtocolHandshake createSession
INFO: Detected dialect: W3C
1542051710062	Marionette	DEBUG	[6442450945] Received DOM event beforeunload for about:blank
1542051711511	Marionette	DEBUG	[6442450945] Received DOM event pagehide for about:blank
1542051712578	Marionette	DEBUG	[6442450945] Received DOM event DOMContentLoaded for https://www.linkedin.com/
1542051713300	Marionette	DEBUG	[6442450945] Received DOM event pageshow for https://www.linkedin.com/
]]></system-err>
  </testcase>
  <testcase name="validationMessagesInvalidEmailPasswordTest" classname="test.LoginTest3" time="0">
    <failure message="Login page is not loaded. expected [true] but found [false]" type="java.lang.AssertionError">java.lang.AssertionError: Login page is not loaded. expected [true] but found [false]
	at test.LoginTest3.validationMessagesInvalidEmailPasswordTest(LoginTest3.java:72)
</failure>
    <system-err><![CDATA[1542051713329	Marionette	INFO	Stopped listening on port 54525
[Child 1916, Chrome_ChildThread] WARNING: pipe error: 109: file z:/build/build/src/ipc/chromium/src/chrome/common/ipc_channel_win.cc, line 346

###!!! [Child][RunMessage] Error: Channel closing: too late to send/recv, messages will be lost


###!!! [Child][RunMessage] Error: Channel closing: too late to send/recv, messages will be lost


###!!! [Child][RunMessage] Error: Channel closing: too late to send/recv, messages will be lost


###!!! [Child][RunMessage] Error: Channel closing: too late to send/recv, messages will be lost


###!!! [Child][RunMessage] Error: Channel closing: too late to send/recv, messages will be lost

[Parent 1204, Gecko_IOThread] WARNING: pipe error: 109: file z:/build/build/src/ipc/chromium/src/chrome/common/ipc_channel_win.cc, line 346
[GPU 11076, Chrome_ChildThread] WARNING: pipe error: 109: file z:/build/build/src/ipc/chromium/src/chrome/common/ipc_channel_win.cc, line 346

###!!! [Child][MessageChannel::SendAndWait] Error: Channel error: cannot send/recv

1542051716487	mozrunner::runner	INFO	Running command: "C:\\Program Files\\Mozilla Firefox\\firefox.exe" "-marionette" "-foreground" "-no-remote" "-profile" "C:\\Users\\gdd00\\AppData\\Local\\Temp\\rust_mozprofile.Mc4ZO8BiyQvD"
1542051722657	Marionette	INFO	Listening on port 54575
1542051722970	Marionette	WARN	TLS certificate errors will be ignored for this session
1542051723154	Marionette	DEBUG	[4294967297] Frame script loaded
1542051723163	Marionette	DEBUG	[4294967297] Frame script registered
нояб. 12, 2018 9:42:03 ПП org.openqa.selenium.remote.ProtocolHandshake createSession
INFO: Detected dialect: W3C
1542051723211	Marionette	DEBUG	[4294967297] Received DOM event beforeunload for about:blank
1542051723968	Marionette	DEBUG	[4294967297] Received DOM event pagehide for about:blank
1542051725466	Marionette	DEBUG	[4294967297] Received DOM event DOMContentLoaded for https://www.linkedin.com/
1542051726763	Marionette	DEBUG	[4294967297] Received DOM event pageshow for https://www.linkedin.com/
]]></system-err>
  </testcase>
  <testcase name="validationMessagesInvalidEmailPasswordTest" classname="test.LoginTest3" time="0">
    <failure message="Login page is not loaded. expected [true] but found [false]" type="java.lang.AssertionError">java.lang.AssertionError: Login page is not loaded. expected [true] but found [false]
	at test.LoginTest3.validationMessagesInvalidEmailPasswordTest(LoginTest3.java:72)
</failure>
    <system-err><![CDATA[1542051726798	Marionette	INFO	Stopped listening on port 54575
[Child 5536, Chrome_ChildThread] WARNING: pipe error: 109: file z:/build/build/src/ipc/chromium/src/chrome/common/ipc_channel_win.cc, line 346

###!!! [Child][MessageChannel::SendAndWait] Error: Channel error: cannot send/recv

1542051730224	mozrunner::runner	INFO	Running command: "C:\\Program Files\\Mozilla Firefox\\firefox.exe" "-marionette" "-foreground" "-no-remote" "-profile" "C:\\Users\\gdd00\\AppData\\Local\\Temp\\rust_mozprofile.LZ2X6Jw9OAyf"
1542051737333	Marionette	INFO	Listening on port 54617
1542051737412	Marionette	WARN	TLS certificate errors will be ignored for this session
1542051737512	Marionette	DEBUG	[6442450945] Frame script loaded
1542051737520	Marionette	DEBUG	[6442450945] Frame script registered
нояб. 12, 2018 9:42:17 ПП org.openqa.selenium.remote.ProtocolHandshake createSession
INFO: Detected dialect: W3C
1542051737602	Marionette	DEBUG	[6442450945] Received DOM event beforeunload for about:blank
1542051738310	Marionette	DEBUG	[6442450945] Received DOM event pagehide for about:blank
1542051739739	Marionette	DEBUG	[6442450945] Received DOM event DOMContentLoaded for https://www.linkedin.com/
1542051739985	Marionette	DEBUG	[6442450945] Received DOM event pageshow for https://www.linkedin.com/
]]></system-err>
  </testcase>
  <testcase name="validationMessagesInvalidEmailPasswordTest" classname="test.LoginTest3" time="0">
    <failure message="Login page is not loaded. expected [true] but found [false]" type="java.lang.AssertionError">java.lang.AssertionError: Login page is not loaded. expected [true] but found [false]
	at test.LoginTest3.validationMessagesInvalidEmailPasswordTest(LoginTest3.java:72)
</failure>
    <system-err><![CDATA[1542051740033	Marionette	INFO	Stopped listening on port 54617
[Child 13780, Chrome_ChildThread] WARNING: pipe error: 109: file z:/build/build/src/ipc/chromium/src/chrome/common/ipc_channel_win.cc, line 346

###!!! [Child][RunMessage] Error: Channel closing: too late to send/recv, messages will be lost


###!!! [Child][RunMessage] Error: Channel closing: too late to send/recv, messages will be lost


###!!! [Child][RunMessage] Error: Channel closing: too late to send/recv, messages will be lost


###!!! [Child][RunMessage] Error: Channel closing: too late to send/recv, messages will be lost


###!!! [Child][RunMessage] Error: Channel closing: too late to send/recv, messages will be lost

[GPU 12728, Chrome_ChildThread] WARNING: pipe error: 109: file z:/build/build/src/ipc/chromium/src/chrome/common/ipc_channel_win.cc, line 346

###!!! [Child][MessageChannel::SendAndWait] Error: Channel error: cannot send/recv

1542051744062	mozrunner::runner	INFO	Running command: "C:\\Program Files\\Mozilla Firefox\\firefox.exe" "-marionette" "-foreground" "-no-remote" "-profile" "C:\\Users\\gdd00\\AppData\\Local\\Temp\\rust_mozprofile.bphahep428fR"
1542051750272	Marionette	INFO	Listening on port 54665
1542051750565	Marionette	WARN	TLS certificate errors will be ignored for this session
1542051750726	Marionette	DEBUG	[6442450945] Frame script loaded
1542051750817	Marionette	DEBUG	[6442450945] Frame script registered
нояб. 12, 2018 9:42:30 ПП org.openqa.selenium.remote.ProtocolHandshake createSession
INFO: Detected dialect: W3C
1542051750877	Marionette	DEBUG	[6442450945] Received DOM event beforeunload for about:blank
1542051751636	Marionette	DEBUG	[6442450945] Received DOM event pagehide for about:blank
1542051754382	Marionette	DEBUG	[6442450945] Received DOM event DOMContentLoaded for https://www.linkedin.com/
1542051754994	Marionette	DEBUG	[6442450945] Received DOM event pageshow for https://www.linkedin.com/
]]></system-err>
  </testcase>
</testsuite>